<?xml version="1.0" encoding="UTF-8"?>
<testsuite name="selenium.MyFirstTest" tests="1" skipped="0" failures="0" errors="0" timestamp="2019-09-23T16:54:28" hostname="Yaninas-MacBook-Pro.local" time="4.052">
  <properties/>
  <testcase name="myFirstTest" classname="selenium.MyFirstTest" time="4.052"/>
  <system-out><![CDATA[]]></system-out>
  <system-err><![CDATA[Starting ChromeDriver 76.0.3809.126 (d80a294506b4c9d18015e755cee48f953ddc3f2f-refs/branch-heads/3809@{#1024}) on port 36924
Only local connections are allowed.
Please protect ports used by ChromeDriver and related test frameworks to prevent access by malicious code.
[1569257670.165][WARNING]: This version of ChromeDriver has not been tested with Chrome version 77.
Sep 23, 2019 7:54:30 PM org.openqa.selenium.remote.ProtocolHandshake createSession
INFO: Detected dialect: W3C
]]></system-err>
</testsuite>
