<?xml version="1.0" encoding="UTF-8"?>
<testsuite name="selenium.MyFirstTest" tests="1" skipped="0" failures="0" errors="0" timestamp="2019-09-26T12:51:51" hostname="Yaninas-MacBook-Pro.local" time="3.114">
  <properties/>
  <testcase name="myFirstTest" classname="selenium.MyFirstTest" time="3.114"/>
  <system-out><![CDATA[]]></system-out>
  <system-err><![CDATA[Starting ChromeDriver 76.0.3809.126 (d80a294506b4c9d18015e755cee48f953ddc3f2f-refs/branch-heads/3809@{#1024}) on port 33503
Only local connections are allowed.
Please protect ports used by ChromeDriver and related test frameworks to prevent access by malicious code.
[1569502313.280][WARNING]: This version of ChromeDriver has not been tested with Chrome version 77.
Sep 26, 2019 3:51:53 PM org.openqa.selenium.remote.ProtocolHandshake createSession
INFO: Detected dialect: W3C
]]></system-err>
</testsuite>
